
*** Running vivado
    with args -log count_wrap.vdi -applog -m64 -product Vivado -messageDb vivado.pb -mode batch -source count_wrap.tcl -notrace



****** Vivado v2022.1 (64-bit)
  **** SW Build 3526262 on Mon Apr 18 15:48:16 MDT 2022
  **** IP Build 3524634 on Mon Apr 18 20:55:01 MDT 2022
    ** Copyright 1986-2022 Xilinx, Inc. All Rights Reserved.

source count_wrap.tcl -notrace
Command: link_design -top count_wrap -part xc7z007sclg400-2
Design is defaulting to srcset: sources_1
Design is defaulting to constrset: constrs_1
INFO: [Device 21-403] Loading part xc7z007sclg400-2
Netlist sorting complete. Time (s): cpu = 00:00:00 ; elapsed = 00:00:00 . Memory (MB): peak = 1623.820 ; gain = 0.000
INFO: [Project 1-479] Netlist was created with Vivado 2022.1
INFO: [Project 1-570] Preparing netlist for logic optimization
CRITICAL WARNING: [Project 1-560] Could not resolve non-primitive black box cell 'bin_count' instantiated as 'cntrA'. 2 instances of this cell are unresolved black boxes. [C:/Users/james/source/repos/E_E-324/Project_01/Project_01.srcs/sources_1/new/wrapper.v:41]
Netlist sorting complete. Time (s): cpu = 00:00:00 ; elapsed = 00:00:00 . Memory (MB): peak = 1623.820 ; gain = 0.000
INFO: [Project 1-111] Unisim Transformation Summary:
No Unisim elements were transformed.

4 Infos, 0 Warnings, 1 Critical Warnings and 0 Errors encountered.
link_design completed successfully
link_design: Time (s): cpu = 00:00:05 ; elapsed = 00:00:06 . Memory (MB): peak = 1623.820 ; gain = 0.000
Command: opt_design
Attempting to get a license for feature 'Implementation' and/or device 'xc7z007s'
INFO: [Common 17-349] Got license for feature 'Implementation' and/or device 'xc7z007s'
Running DRC as a precondition to command opt_design

Starting DRC Task
INFO: [DRC 23-27] Running DRC with 2 threads
ERROR: [DRC INBB-3] Black Box Instances: Cell 'cntrA' of type 'bin_count' has undefined contents and is considered a black box.  The contents of this cell must be defined for opt_design to complete successfully.
ERROR: [DRC INBB-3] Black Box Instances: Cell 'cntrB' of type 'bin_count' has undefined contents and is considered a black box.  The contents of this cell must be defined for opt_design to complete successfully.
ERROR: [DRC MDRV-1] Multiple Driver Nets: Net a_val_IBUF[0] has multiple drivers: a_val_IBUF[0]_inst/O, and cntrA/val[0].
ERROR: [DRC MDRV-1] Multiple Driver Nets: Net a_val_IBUF[1] has multiple drivers: a_val_IBUF[1]_inst/O, and cntrA/val[1].
ERROR: [DRC MDRV-1] Multiple Driver Nets: Net a_val_IBUF[2] has multiple drivers: a_val_IBUF[2]_inst/O, and cntrA/val[2].
ERROR: [DRC MDRV-1] Multiple Driver Nets: Net a_val_IBUF[3] has multiple drivers: a_val_IBUF[3]_inst/O, and cntrA/val[3].
ERROR: [DRC MDRV-1] Multiple Driver Nets: Net a_val_IBUF[4] has multiple drivers: a_val_IBUF[4]_inst/O, and cntrA/val[4].
ERROR: [DRC MDRV-1] Multiple Driver Nets: Net a_val_IBUF[5] has multiple drivers: a_val_IBUF[5]_inst/O, and cntrA/val[5].
ERROR: [DRC MDRV-1] Multiple Driver Nets: Net a_val_IBUF[6] has multiple drivers: a_val_IBUF[6]_inst/O, and cntrA/val[6].
ERROR: [DRC MDRV-1] Multiple Driver Nets: Net a_val_IBUF[7] has multiple drivers: a_val_IBUF[7]_inst/O, and cntrA/val[7].
ERROR: [DRC MDRV-1] Multiple Driver Nets: Net a_val_IBUF[8] has multiple drivers: a_val_IBUF[8]_inst/O, and cntrA/val[8].
ERROR: [DRC MDRV-1] Multiple Driver Nets: Net a_val_IBUF[9] has multiple drivers: a_val_IBUF[9]_inst/O, and cntrA/val[9].
ERROR: [DRC MDRV-1] Multiple Driver Nets: Net b_val_IBUF[0] has multiple drivers: b_val_IBUF[0]_inst/O, and cntrB/val[0].
ERROR: [DRC MDRV-1] Multiple Driver Nets: Net b_val_IBUF[1] has multiple drivers: b_val_IBUF[1]_inst/O, and cntrB/val[1].
ERROR: [DRC MDRV-1] Multiple Driver Nets: Net b_val_IBUF[2] has multiple drivers: b_val_IBUF[2]_inst/O, and cntrB/val[2].
ERROR: [DRC MDRV-1] Multiple Driver Nets: Net b_val_IBUF[3] has multiple drivers: b_val_IBUF[3]_inst/O, and cntrB/val[3].
ERROR: [DRC MDRV-1] Multiple Driver Nets: Net b_val_IBUF[4] has multiple drivers: b_val_IBUF[4]_inst/O, and cntrB/val[4].
ERROR: [DRC MDRV-1] Multiple Driver Nets: Net b_val_IBUF[5] has multiple drivers: b_val_IBUF[5]_inst/O, and cntrB/val[5].
ERROR: [DRC MDRV-1] Multiple Driver Nets: Net b_val_IBUF[6] has multiple drivers: b_val_IBUF[6]_inst/O, and cntrB/val[6].
ERROR: [DRC MDRV-1] Multiple Driver Nets: Net b_val_IBUF[7] has multiple drivers: b_val_IBUF[7]_inst/O, and cntrB/val[7].
ERROR: [DRC MDRV-1] Multiple Driver Nets: Net b_val_IBUF[8] has multiple drivers: b_val_IBUF[8]_inst/O, and cntrB/val[8].
ERROR: [DRC MDRV-1] Multiple Driver Nets: Net b_val_IBUF[9] has multiple drivers: b_val_IBUF[9]_inst/O, and cntrB/val[9].
INFO: [Project 1-461] DRC finished with 22 Errors
INFO: [Project 1-462] Please refer to the DRC report (report_drc) for more information.
ERROR: [Vivado_Tcl 4-78] Error(s) found during DRC. Opt_design not run.

Time (s): cpu = 00:00:01 ; elapsed = 00:00:01 . Memory (MB): peak = 1623.820 ; gain = 0.000
INFO: [Common 17-83] Releasing license: Implementation
9 Infos, 0 Warnings, 1 Critical Warnings and 23 Errors encountered.
opt_design failed
ERROR: [Common 17-39] 'opt_design' failed due to earlier errors.

INFO: [Common 17-206] Exiting Vivado at Tue Aug 30 20:47:21 2022...
