
*** Running vivado
    with args -log system.vds -m64 -product Vivado -mode batch -messageDb vivado.pb -notrace -source system.tcl



****** Vivado v2022.1 (64-bit)
  **** SW Build 3526262 on Mon Apr 18 15:48:16 MDT 2022
  **** IP Build 3524634 on Mon Apr 18 20:55:01 MDT 2022
    ** Copyright 1986-2022 Xilinx, Inc. All Rights Reserved.

source system.tcl -notrace
Command: read_checkpoint -auto_incremental -incremental C:/Users/james/source/repos/E_E-324/project_06-1/project_06-1.srcs/utils_1/imports/synth_1/system.dcp
INFO: [Vivado 12-5825] Read reference checkpoint from C:/Users/james/source/repos/E_E-324/project_06-1/project_06-1.srcs/utils_1/imports/synth_1/system.dcp for incremental synthesis
INFO: [Vivado 12-7989] Please ensure there are no constraint changes
Command: synth_design -top system -part xc7z007sclg400-1
Starting synth_design
Attempting to get a license for feature 'Synthesis' and/or device 'xc7z007s'
INFO: [Common 17-349] Got license for feature 'Synthesis' and/or device 'xc7z007s'
INFO: [Device 21-403] Loading part xc7z007sclg400-1
INFO: [Designutils 20-5440] No compile time benefit to using incremental synthesis; A full resynthesis will be run
INFO: [Designutils 20-4379] Flow is switching to default flow due to incremental criteria not met. If you would like to alter this behaviour and have the flow terminate instead, please set the following parameter config_implementation {autoIncr.Synth.RejectBehavior Terminate}
INFO: [Synth 8-7079] Multithreading enabled for synth_design using a maximum of 2 processes.
INFO: [Synth 8-7078] Launching helper process for spawning children vivado processes
INFO: [Synth 8-7075] Helper process launched with PID 10836
---------------------------------------------------------------------------------
Starting RTL Elaboration : Time (s): cpu = 00:00:07 ; elapsed = 00:00:06 . Memory (MB): peak = 1623.289 ; gain = 0.000
---------------------------------------------------------------------------------
WARNING: [Synth 8-2551] possible infinite loop; process does not have a wait statement [C:/Users/james/source/repos/E_E-324/project_06-1/project_06-1.srcs/sources_1/new/SSD_decoder.vhd:63]
INFO: [Synth 8-638] synthesizing module 'system' [C:/Users/james/source/repos/E_E-324/project_06-1/project_06-1.srcs/sources_1/new/system.vhd:44]
INFO: [Synth 8-3491] module 'btn_debounce' declared at 'C:/Users/james/source/repos/E_E-324/project_06-1/project_06-1.srcs/sources_1/new/btn_debounce.vhd:34' bound to instance 'start_debnce' of component 'btn_debounce' [C:/Users/james/source/repos/E_E-324/project_06-1/project_06-1.srcs/sources_1/new/system.vhd:94]
INFO: [Synth 8-638] synthesizing module 'btn_debounce' [C:/Users/james/source/repos/E_E-324/project_06-1/project_06-1.srcs/sources_1/new/btn_debounce.vhd:44]
WARNING: [Synth 8-614] signal 'ps' is read in the process but is not in the sensitivity list [C:/Users/james/source/repos/E_E-324/project_06-1/project_06-1.srcs/sources_1/new/btn_debounce.vhd:48]
WARNING: [Synth 8-614] signal 'btn_in' is read in the process but is not in the sensitivity list [C:/Users/james/source/repos/E_E-324/project_06-1/project_06-1.srcs/sources_1/new/btn_debounce.vhd:48]
INFO: [Synth 8-256] done synthesizing module 'btn_debounce' (0#1) [C:/Users/james/source/repos/E_E-324/project_06-1/project_06-1.srcs/sources_1/new/btn_debounce.vhd:44]
INFO: [Synth 8-3491] module 'btn_debounce' declared at 'C:/Users/james/source/repos/E_E-324/project_06-1/project_06-1.srcs/sources_1/new/btn_debounce.vhd:34' bound to instance 'stop_debnce' of component 'btn_debounce' [C:/Users/james/source/repos/E_E-324/project_06-1/project_06-1.srcs/sources_1/new/system.vhd:95]
INFO: [Synth 8-3491] module 'btn_debounce' declared at 'C:/Users/james/source/repos/E_E-324/project_06-1/project_06-1.srcs/sources_1/new/btn_debounce.vhd:34' bound to instance 'incr_debnce' of component 'btn_debounce' [C:/Users/james/source/repos/E_E-324/project_06-1/project_06-1.srcs/sources_1/new/system.vhd:96]
INFO: [Synth 8-3491] module 'stop_watch' declared at 'C:/Users/james/source/repos/E_E-324/project_06-1/project_06-1.srcs/sources_1/new/stop_watch.vhd:34' bound to instance 'stop_watch_inst' of component 'stop_watch' [C:/Users/james/source/repos/E_E-324/project_06-1/project_06-1.srcs/sources_1/new/system.vhd:98]
INFO: [Synth 8-638] synthesizing module 'stop_watch' [C:/Users/james/source/repos/E_E-324/project_06-1/project_06-1.srcs/sources_1/new/stop_watch.vhd:44]
WARNING: [Synth 8-614] signal 'ps' is read in the process but is not in the sensitivity list [C:/Users/james/source/repos/E_E-324/project_06-1/project_06-1.srcs/sources_1/new/stop_watch.vhd:50]
WARNING: [Synth 8-614] signal 'start' is read in the process but is not in the sensitivity list [C:/Users/james/source/repos/E_E-324/project_06-1/project_06-1.srcs/sources_1/new/stop_watch.vhd:50]
WARNING: [Synth 8-614] signal 'stop' is read in the process but is not in the sensitivity list [C:/Users/james/source/repos/E_E-324/project_06-1/project_06-1.srcs/sources_1/new/stop_watch.vhd:50]
WARNING: [Synth 8-614] signal 'incr' is read in the process but is not in the sensitivity list [C:/Users/james/source/repos/E_E-324/project_06-1/project_06-1.srcs/sources_1/new/stop_watch.vhd:50]
INFO: [Synth 8-256] done synthesizing module 'stop_watch' (0#1) [C:/Users/james/source/repos/E_E-324/project_06-1/project_06-1.srcs/sources_1/new/stop_watch.vhd:44]
INFO: [Synth 8-3491] module 'BCD_counter' declared at 'C:/Users/james/source/repos/E_E-324/project_06-1/project_06-1.srcs/sources_1/new/counter.vhd:35' bound to instance 'C0' of component 'BCD_counter' [C:/Users/james/source/repos/E_E-324/project_06-1/project_06-1.srcs/sources_1/new/system.vhd:100]
INFO: [Synth 8-638] synthesizing module 'BCD_counter' [C:/Users/james/source/repos/E_E-324/project_06-1/project_06-1.srcs/sources_1/new/counter.vhd:43]
INFO: [Synth 8-256] done synthesizing module 'BCD_counter' (0#1) [C:/Users/james/source/repos/E_E-324/project_06-1/project_06-1.srcs/sources_1/new/counter.vhd:43]
INFO: [Synth 8-3491] module 'BCD_counter' declared at 'C:/Users/james/source/repos/E_E-324/project_06-1/project_06-1.srcs/sources_1/new/counter.vhd:35' bound to instance 'C1' of component 'BCD_counter' [C:/Users/james/source/repos/E_E-324/project_06-1/project_06-1.srcs/sources_1/new/system.vhd:101]
INFO: [Synth 8-3491] module 'BCD_counter' declared at 'C:/Users/james/source/repos/E_E-324/project_06-1/project_06-1.srcs/sources_1/new/counter.vhd:35' bound to instance 'C2' of component 'BCD_counter' [C:/Users/james/source/repos/E_E-324/project_06-1/project_06-1.srcs/sources_1/new/system.vhd:102]
INFO: [Synth 8-3491] module 'BCD_counter' declared at 'C:/Users/james/source/repos/E_E-324/project_06-1/project_06-1.srcs/sources_1/new/counter.vhd:35' bound to instance 'C3' of component 'BCD_counter' [C:/Users/james/source/repos/E_E-324/project_06-1/project_06-1.srcs/sources_1/new/system.vhd:103]
INFO: [Synth 8-3491] module 'clock_divider' declared at 'C:/Users/james/source/repos/E_E-324/project_06-1/project_06-1.srcs/sources_1/new/clock_divider.vhd:35' bound to instance 'stopwatch_clk' of component 'clock_divider' [C:/Users/james/source/repos/E_E-324/project_06-1/project_06-1.srcs/sources_1/new/system.vhd:105]
INFO: [Synth 8-638] synthesizing module 'clock_divider' [C:/Users/james/source/repos/E_E-324/project_06-1/project_06-1.srcs/sources_1/new/clock_divider.vhd:42]
INFO: [Synth 8-256] done synthesizing module 'clock_divider' (0#1) [C:/Users/james/source/repos/E_E-324/project_06-1/project_06-1.srcs/sources_1/new/clock_divider.vhd:42]
WARNING: [Synth 8-5640] Port 'rst' is missing in component declaration [C:/Users/james/source/repos/E_E-324/project_06-1/project_06-1.srcs/sources_1/new/system.vhd:69]
INFO: [Synth 8-3491] module 'SSD_Controller' declared at 'C:/Users/james/source/repos/E_E-324/project_06-1/project_06-1.srcs/sources_1/new/SSD_Controller.vhd:34' bound to instance 'SSD_Controller_inst' of component 'SSD_Controller' [C:/Users/james/source/repos/E_E-324/project_06-1/project_06-1.srcs/sources_1/new/system.vhd:107]
INFO: [Synth 8-638] synthesizing module 'SSD_Controller' [C:/Users/james/source/repos/E_E-324/project_06-1/project_06-1.srcs/sources_1/new/SSD_Controller.vhd:43]
INFO: [Synth 8-3491] module 'clock_divider' declared at 'C:/Users/james/source/repos/E_E-324/project_06-1/project_06-1.srcs/sources_1/new/clock_divider.vhd:35' bound to instance 'display_clk' of component 'clock_divider' [C:/Users/james/source/repos/E_E-324/project_06-1/project_06-1.srcs/sources_1/new/SSD_Controller.vhd:62]
INFO: [Synth 8-3491] module 'SSD_decoder' declared at 'C:/Users/james/source/repos/E_E-324/project_06-1/project_06-1.srcs/sources_1/new/SSD_decoder.vhd:34' bound to instance 'SSD_Cath_Decoder' of component 'SSD_decoder' [C:/Users/james/source/repos/E_E-324/project_06-1/project_06-1.srcs/sources_1/new/SSD_Controller.vhd:63]
INFO: [Synth 8-638] synthesizing module 'SSD_decoder' [C:/Users/james/source/repos/E_E-324/project_06-1/project_06-1.srcs/sources_1/new/SSD_decoder.vhd:39]
INFO: [Synth 8-256] done synthesizing module 'SSD_decoder' (0#1) [C:/Users/james/source/repos/E_E-324/project_06-1/project_06-1.srcs/sources_1/new/SSD_decoder.vhd:39]
WARNING: [Synth 8-614] signal 'rst' is read in the process but is not in the sensitivity list [C:/Users/james/source/repos/E_E-324/project_06-1/project_06-1.srcs/sources_1/new/SSD_Controller.vhd:65]
WARNING: [Synth 8-614] signal 'anode_sel' is read in the process but is not in the sensitivity list [C:/Users/james/source/repos/E_E-324/project_06-1/project_06-1.srcs/sources_1/new/SSD_Controller.vhd:75]
WARNING: [Synth 8-614] signal 'BCD' is read in the process but is not in the sensitivity list [C:/Users/james/source/repos/E_E-324/project_06-1/project_06-1.srcs/sources_1/new/SSD_Controller.vhd:75]
WARNING: [Synth 8-614] signal 'DP' is read in the process but is not in the sensitivity list [C:/Users/james/source/repos/E_E-324/project_06-1/project_06-1.srcs/sources_1/new/SSD_Controller.vhd:75]
INFO: [Synth 8-256] done synthesizing module 'SSD_Controller' (0#1) [C:/Users/james/source/repos/E_E-324/project_06-1/project_06-1.srcs/sources_1/new/SSD_Controller.vhd:43]
INFO: [Synth 8-256] done synthesizing module 'system' (0#1) [C:/Users/james/source/repos/E_E-324/project_06-1/project_06-1.srcs/sources_1/new/system.vhd:44]
---------------------------------------------------------------------------------
Finished RTL Elaboration : Time (s): cpu = 00:00:09 ; elapsed = 00:00:08 . Memory (MB): peak = 1623.289 ; gain = 0.000
---------------------------------------------------------------------------------
---------------------------------------------------------------------------------
Start Handling Custom Attributes
---------------------------------------------------------------------------------
---------------------------------------------------------------------------------
Finished Handling Custom Attributes : Time (s): cpu = 00:00:09 ; elapsed = 00:00:08 . Memory (MB): peak = 1623.289 ; gain = 0.000
---------------------------------------------------------------------------------
---------------------------------------------------------------------------------
Finished RTL Optimization Phase 1 : Time (s): cpu = 00:00:09 ; elapsed = 00:00:08 . Memory (MB): peak = 1623.289 ; gain = 0.000
---------------------------------------------------------------------------------
Netlist sorting complete. Time (s): cpu = 00:00:00 ; elapsed = 00:00:00.003 . Memory (MB): peak = 1623.289 ; gain = 0.000
INFO: [Project 1-570] Preparing netlist for logic optimization

Processing XDC Constraints
Initializing timing engine
Parsing XDC File [C:/Users/james/source/repos/E_E-324/project_06-1/project_06-1.srcs/constrs_1/new/constraints.xdc]
Finished Parsing XDC File [C:/Users/james/source/repos/E_E-324/project_06-1/project_06-1.srcs/constrs_1/new/constraints.xdc]
INFO: [Project 1-236] Implementation specific constraints were found while reading constraint file [C:/Users/james/source/repos/E_E-324/project_06-1/project_06-1.srcs/constrs_1/new/constraints.xdc]. These constraints will be ignored for synthesis but will be used in implementation. Impacted constraints are listed in the file [.Xil/system_propImpl.xdc].
Resolution: To avoid this warning, move constraints listed in [.Xil/system_propImpl.xdc] to another XDC file and exclude this new file from synthesis with the used_in_synthesis property (File Properties dialog in GUI) and re-run elaboration/synthesis.
Completed Processing XDC Constraints

Netlist sorting complete. Time (s): cpu = 00:00:00 ; elapsed = 00:00:00.001 . Memory (MB): peak = 1688.488 ; gain = 0.000
INFO: [Project 1-111] Unisim Transformation Summary:
No Unisim elements were transformed.

Constraint Validation Runtime : Time (s): cpu = 00:00:00 ; elapsed = 00:00:00.003 . Memory (MB): peak = 1688.488 ; gain = 0.000
INFO: [Designutils 20-5440] No compile time benefit to using incremental synthesis; A full resynthesis will be run
INFO: [Designutils 20-4379] Flow is switching to default flow due to incremental criteria not met. If you would like to alter this behaviour and have the flow terminate instead, please set the following parameter config_implementation {autoIncr.Synth.RejectBehavior Terminate}
---------------------------------------------------------------------------------
Finished Constraint Validation : Time (s): cpu = 00:00:17 ; elapsed = 00:00:17 . Memory (MB): peak = 1688.488 ; gain = 65.199
---------------------------------------------------------------------------------
---------------------------------------------------------------------------------
Start Loading Part and Timing Information
---------------------------------------------------------------------------------
Loading part: xc7z007sclg400-1
---------------------------------------------------------------------------------
Finished Loading Part and Timing Information : Time (s): cpu = 00:00:17 ; elapsed = 00:00:17 . Memory (MB): peak = 1688.488 ; gain = 65.199
---------------------------------------------------------------------------------
---------------------------------------------------------------------------------
Start Applying 'set_property' XDC Constraints
---------------------------------------------------------------------------------
---------------------------------------------------------------------------------
Finished applying 'set_property' XDC Constraints : Time (s): cpu = 00:00:17 ; elapsed = 00:00:17 . Memory (MB): peak = 1688.488 ; gain = 65.199
---------------------------------------------------------------------------------
INFO: [Synth 8-802] inferred FSM for state register 'ps_reg' in module 'btn_debounce'
INFO: [Synth 8-802] inferred FSM for state register 'ps_reg' in module 'stop_watch'
---------------------------------------------------------------------------------------------------
                   State |                     New Encoding |                Previous Encoding 
---------------------------------------------------------------------------------------------------
                 iSTATE1 |                               00 |                               00
                  iSTATE |                               01 |                               01
                 iSTATE2 |                               10 |                               11
                 iSTATE0 |                               11 |                               10
---------------------------------------------------------------------------------------------------
INFO: [Synth 8-3354] encoded FSM with state register 'ps_reg' using encoding 'sequential' in module 'btn_debounce'
---------------------------------------------------------------------------------------------------
                   State |                     New Encoding |                Previous Encoding 
---------------------------------------------------------------------------------------------------
                 iSTATE2 |                            00001 |                              000
                 iSTATE4 |                            00010 |                              011
                 iSTATE5 |                            00100 |                              100
                 iSTATE6 |                            01000 |                              010
                 iSTATE3 |                            10000 |                              001
---------------------------------------------------------------------------------------------------
INFO: [Synth 8-3354] encoded FSM with state register 'ps_reg' using encoding 'one-hot' in module 'stop_watch'
---------------------------------------------------------------------------------
Finished RTL Optimization Phase 2 : Time (s): cpu = 00:00:17 ; elapsed = 00:00:17 . Memory (MB): peak = 1688.488 ; gain = 65.199
---------------------------------------------------------------------------------
---------------------------------------------------------------------------------
Start RTL Component Statistics 
---------------------------------------------------------------------------------
Detailed RTL Component Info : 
+---Adders : 
	   2 Input   27 Bit       Adders := 2     
	   2 Input    4 Bit       Adders := 4     
	   2 Input    2 Bit       Adders := 1     
+---Registers : 
	                4 Bit    Registers := 4     
	                2 Bit    Registers := 1     
	                1 Bit    Registers := 6     
+---Muxes : 
	   5 Input    5 Bit        Muxes := 1     
	   2 Input    5 Bit        Muxes := 6     
	   2 Input    4 Bit        Muxes := 8     
	   4 Input    4 Bit        Muxes := 2     
	   4 Input    2 Bit        Muxes := 3     
	   2 Input    2 Bit        Muxes := 12    
	   5 Input    1 Bit        Muxes := 1     
	   2 Input    1 Bit        Muxes := 4     
	   4 Input    1 Bit        Muxes := 1     
---------------------------------------------------------------------------------
Finished RTL Component Statistics 
---------------------------------------------------------------------------------
---------------------------------------------------------------------------------
Start Part Resource Summary
---------------------------------------------------------------------------------
Part Resources:
DSPs: 66 (col length:40)
BRAMs: 100 (col length: RAMB18 40 RAMB36 20)
---------------------------------------------------------------------------------
Finished Part Resource Summary
---------------------------------------------------------------------------------
---------------------------------------------------------------------------------
Start Cross Boundary and Area Optimization
---------------------------------------------------------------------------------
WARNING: [Synth 8-7080] Parallel synthesis criteria is not met
---------------------------------------------------------------------------------
Finished Cross Boundary and Area Optimization : Time (s): cpu = 00:00:20 ; elapsed = 00:00:20 . Memory (MB): peak = 1688.488 ; gain = 65.199
---------------------------------------------------------------------------------
---------------------------------------------------------------------------------
Start Applying XDC Timing Constraints
---------------------------------------------------------------------------------
---------------------------------------------------------------------------------
Finished Applying XDC Timing Constraints : Time (s): cpu = 00:00:26 ; elapsed = 00:00:26 . Memory (MB): peak = 1688.488 ; gain = 65.199
---------------------------------------------------------------------------------
---------------------------------------------------------------------------------
Start Timing Optimization
---------------------------------------------------------------------------------
---------------------------------------------------------------------------------
Finished Timing Optimization : Time (s): cpu = 00:00:26 ; elapsed = 00:00:26 . Memory (MB): peak = 1688.488 ; gain = 65.199
---------------------------------------------------------------------------------
---------------------------------------------------------------------------------
Start Technology Mapping
---------------------------------------------------------------------------------
---------------------------------------------------------------------------------
Finished Technology Mapping : Time (s): cpu = 00:00:26 ; elapsed = 00:00:26 . Memory (MB): peak = 1688.488 ; gain = 65.199
---------------------------------------------------------------------------------
---------------------------------------------------------------------------------
Start IO Insertion
---------------------------------------------------------------------------------
---------------------------------------------------------------------------------
Start Flattening Before IO Insertion
---------------------------------------------------------------------------------
---------------------------------------------------------------------------------
Finished Flattening Before IO Insertion
---------------------------------------------------------------------------------
---------------------------------------------------------------------------------
Start Final Netlist Cleanup
---------------------------------------------------------------------------------
---------------------------------------------------------------------------------
Finished Final Netlist Cleanup
---------------------------------------------------------------------------------
---------------------------------------------------------------------------------
Finished IO Insertion : Time (s): cpu = 00:00:31 ; elapsed = 00:00:31 . Memory (MB): peak = 1688.488 ; gain = 65.199
---------------------------------------------------------------------------------
---------------------------------------------------------------------------------
Start Renaming Generated Instances
---------------------------------------------------------------------------------
---------------------------------------------------------------------------------
Finished Renaming Generated Instances : Time (s): cpu = 00:00:31 ; elapsed = 00:00:31 . Memory (MB): peak = 1688.488 ; gain = 65.199
---------------------------------------------------------------------------------
---------------------------------------------------------------------------------
Start Rebuilding User Hierarchy
---------------------------------------------------------------------------------
---------------------------------------------------------------------------------
Finished Rebuilding User Hierarchy : Time (s): cpu = 00:00:31 ; elapsed = 00:00:31 . Memory (MB): peak = 1688.488 ; gain = 65.199
---------------------------------------------------------------------------------
---------------------------------------------------------------------------------
Start Renaming Generated Ports
---------------------------------------------------------------------------------
---------------------------------------------------------------------------------
Finished Renaming Generated Ports : Time (s): cpu = 00:00:31 ; elapsed = 00:00:31 . Memory (MB): peak = 1688.488 ; gain = 65.199
---------------------------------------------------------------------------------
---------------------------------------------------------------------------------
Start Handling Custom Attributes
---------------------------------------------------------------------------------
---------------------------------------------------------------------------------
Finished Handling Custom Attributes : Time (s): cpu = 00:00:31 ; elapsed = 00:00:31 . Memory (MB): peak = 1688.488 ; gain = 65.199
---------------------------------------------------------------------------------
---------------------------------------------------------------------------------
Start Renaming Generated Nets
---------------------------------------------------------------------------------
---------------------------------------------------------------------------------
Finished Renaming Generated Nets : Time (s): cpu = 00:00:31 ; elapsed = 00:00:31 . Memory (MB): peak = 1688.488 ; gain = 65.199
---------------------------------------------------------------------------------
---------------------------------------------------------------------------------
Start Writing Synthesis Report
---------------------------------------------------------------------------------

Report BlackBoxes: 
+-+--------------+----------+
| |BlackBox name |Instances |
+-+--------------+----------+
+-+--------------+----------+

Report Cell Usage: 
+------+-------+------+
|      |Cell   |Count |
+------+-------+------+
|1     |BUFG   |     1|
|2     |CARRY4 |    20|
|3     |LUT1   |     5|
|4     |LUT2   |    63|
|5     |LUT3   |    31|
|6     |LUT4   |    20|
|7     |LUT5   |     2|
|8     |LUT6   |     6|
|9     |FDCE   |    56|
|10    |FDPE   |     1|
|11    |FDRE   |    31|
|12    |IBUF   |     5|
|13    |OBUF   |    12|
+------+-------+------+
---------------------------------------------------------------------------------
Finished Writing Synthesis Report : Time (s): cpu = 00:00:31 ; elapsed = 00:00:31 . Memory (MB): peak = 1688.488 ; gain = 65.199
---------------------------------------------------------------------------------
Synthesis finished with 0 errors, 0 critical warnings and 1 warnings.
Synthesis Optimization Runtime : Time (s): cpu = 00:00:21 ; elapsed = 00:00:30 . Memory (MB): peak = 1688.488 ; gain = 0.000
Synthesis Optimization Complete : Time (s): cpu = 00:00:31 ; elapsed = 00:00:32 . Memory (MB): peak = 1688.488 ; gain = 65.199
INFO: [Project 1-571] Translating synthesized netlist
Netlist sorting complete. Time (s): cpu = 00:00:00 ; elapsed = 00:00:00.002 . Memory (MB): peak = 1688.488 ; gain = 0.000
INFO: [Netlist 29-17] Analyzing 20 Unisim elements for replacement
INFO: [Netlist 29-28] Unisim Transformation completed in 0 CPU seconds
INFO: [Project 1-570] Preparing netlist for logic optimization
INFO: [Opt 31-138] Pushed 0 inverter(s) to 0 load pin(s).
Netlist sorting complete. Time (s): cpu = 00:00:00 ; elapsed = 00:00:00.001 . Memory (MB): peak = 1688.488 ; gain = 0.000
INFO: [Project 1-111] Unisim Transformation Summary:
No Unisim elements were transformed.

Synth Design complete, checksum: 540e2736
INFO: [Common 17-83] Releasing license: Synthesis
51 Infos, 13 Warnings, 0 Critical Warnings and 0 Errors encountered.
synth_design completed successfully
synth_design: Time (s): cpu = 00:00:36 ; elapsed = 00:00:37 . Memory (MB): peak = 1688.488 ; gain = 65.199
INFO: [Common 17-1381] The checkpoint 'C:/Users/james/source/repos/E_E-324/project_06-1/project_06-1.runs/synth_1/system.dcp' has been generated.
INFO: [runtcl-4] Executing : report_utilization -file system_utilization_synth.rpt -pb system_utilization_synth.pb
INFO: [Common 17-206] Exiting Vivado at Sun Nov 20 22:12:30 2022...
