23:22:35 DEBUG : Logs will be stored at 'C:/Users/james/source/repos/E_E-324/project_06-3/IDE.log'.
23:22:40 INFO  : Registering command handlers for Vitis TCF services
23:22:40 INFO  : Launching XSCT server: xsct.bat -n  -interactive C:\Users\james\source\repos\E_E-324\project_06-3\temp_xsdb_launch_script.tcl
23:22:41 INFO  : Platform repository initialization has completed.
23:22:44 INFO  : XSCT server has started successfully.
23:22:47 INFO  : Successfully done setting XSCT server connection channel  
23:22:47 INFO  : plnx-install-location is set to ''
23:22:47 INFO  : Successfully done query RDI_DATADIR 
23:22:47 INFO  : Successfully done setting workspace for the tool. 
12:56:44 INFO  : Checking for BSP changes to sync application flags for project 'RTM_Averager_app'...
13:06:37 DEBUG : Logs will be stored at 'C:/Users/james/source/repos/E_E-324/project_06-3/IDE.log'.
13:06:38 INFO  : Launching XSCT server: xsct.bat -n  -interactive C:\Users\james\source\repos\E_E-324\project_06-3\temp_xsdb_launch_script.tcl
13:06:41 INFO  : XSCT server has started successfully.
13:06:41 INFO  : Successfully done setting XSCT server connection channel  
13:06:41 INFO  : plnx-install-location is set to ''
13:06:41 INFO  : Successfully done setting workspace for the tool. 
13:06:43 INFO  : Registering command handlers for Vitis TCF services
13:06:44 INFO  : Platform repository initialization has completed.
13:06:46 INFO  : Successfully done query RDI_DATADIR 
13:07:59 INFO  : Checking for BSP changes to sync application flags for project 'RTM_Averager_app'...
13:15:46 DEBUG : Logs will be stored at 'C:/Users/james/source/repos/E_E-324/project_06-3/IDE.log'.
13:15:47 INFO  : Launching XSCT server: xsct.bat -n  -interactive C:\Users\james\source\repos\E_E-324\project_06-3\temp_xsdb_launch_script.tcl
13:15:51 INFO  : XSCT server has started successfully.
13:15:51 INFO  : Successfully done setting XSCT server connection channel  
13:15:51 INFO  : plnx-install-location is set to ''
13:15:51 INFO  : Successfully done setting workspace for the tool. 
13:15:52 INFO  : Registering command handlers for Vitis TCF services
13:15:52 INFO  : Successfully done query RDI_DATADIR 
13:15:53 INFO  : Platform repository initialization has completed.
13:16:12 INFO  : Checking for BSP changes to sync application flags for project 'RTM_Averager_app'...
13:16:36 INFO  : Connected to target on host '127.0.0.1' and port '3121'.
13:16:36 INFO  : Jtag cable 'RealDigital Bla 887200000130A' is selected.
13:16:36 INFO  : 'jtag frequency' command is executed.
13:16:36 INFO  : Context for 'APU' is selected.
13:16:36 INFO  : System reset is completed.
13:16:39 INFO  : 'after 3000' command is executed.
13:16:40 INFO  : 'targets -set -filter {jtag_cable_name =~ "RealDigital Bla 887200000130A" && level==0 && jtag_device_ctx=="jsn1-13723093-0"}' command is executed.
13:16:41 INFO  : Device configured successfully with "C:/Users/james/source/repos/E_E-324/project_06-3/RTM_Averager_app/_ide/bitstream/RTM_system_wrapper.bit"
13:16:41 INFO  : Context for 'APU' is selected.
13:16:41 INFO  : Hardware design and registers information is loaded from 'E:/E_E-324/project_06-2/RTM_system/export/RTM_system/hw/RTM_system_wrapper.xsa'.
13:16:41 INFO  : 'configparams force-mem-access 1' command is executed.
13:16:41 INFO  : Context for 'APU' is selected.
13:16:41 INFO  : Sourcing of 'C:/Users/james/source/repos/E_E-324/project_06-3/RTM_Averager_app/_ide/psinit/ps7_init.tcl' is done.
13:16:41 INFO  : 'ps7_init' command is executed.
13:16:41 INFO  : 'ps7_post_config' command is executed.
13:16:41 INFO  : Context for processor 'ps7_cortexa9_0' is selected.
13:16:42 INFO  : The application 'C:/Users/james/source/repos/E_E-324/project_06-3/RTM_Averager_app/Debug/RTM_Averager_app.elf' is downloaded to processor 'ps7_cortexa9_0'.
13:16:42 INFO  : 'configparams force-mem-access 0' command is executed.
13:16:42 INFO  : ----------------XSDB Script----------------
connect -url tcp:127.0.0.1:3121
targets -set -nocase -filter {name =~"APU*"}
rst -system
after 3000
targets -set -filter {jtag_cable_name =~ "RealDigital Bla 887200000130A" && level==0 && jtag_device_ctx=="jsn1-13723093-0"}
fpga -file C:/Users/james/source/repos/E_E-324/project_06-3/RTM_Averager_app/_ide/bitstream/RTM_system_wrapper.bit
targets -set -nocase -filter {name =~"APU*"}
loadhw -hw E:/E_E-324/project_06-2/RTM_system/export/RTM_system/hw/RTM_system_wrapper.xsa -mem-ranges [list {0x40000000 0xbfffffff}] -regs
configparams force-mem-access 1
targets -set -nocase -filter {name =~"APU*"}
source C:/Users/james/source/repos/E_E-324/project_06-3/RTM_Averager_app/_ide/psinit/ps7_init.tcl
ps7_init
ps7_post_config
targets -set -nocase -filter {name =~ "*A9*#0"}
dow C:/Users/james/source/repos/E_E-324/project_06-3/RTM_Averager_app/Debug/RTM_Averager_app.elf
configparams force-mem-access 0
----------------End of Script----------------

13:16:42 INFO  : Context for processor 'ps7_cortexa9_0' is selected.
13:16:42 INFO  : 'con' command is executed.
13:16:42 INFO  : ----------------XSDB Script (After Launch)----------------
targets -set -nocase -filter {name =~ "*A9*#0"}
con
----------------End of Script----------------

13:16:42 INFO  : Launch script is exported to file 'C:\Users\james\source\repos\E_E-324\project_06-3\RTM_Averager_app_system\_ide\scripts\systemdebugger_rtm_averager_app_system_standalone.tcl'
13:41:52 INFO  : Projects exported to 'E:\E_E-324\vitis_export_archive.ide.zip'
14:40:02 INFO  : Result from executing command 'getProjects': RTM_Averager
14:40:02 INFO  : Result from executing command 'getPlatforms': RTM_system|E:/E_E-324/project_06-2/RTM_system/export/RTM_system/RTM_system.xpfm;xilinx_vck190_base_202210_1|C:/Xilinx2/Vitis/2022.1/base_platforms/xilinx_vck190_base_202210_1/xilinx_vck190_base_202210_1.xpfm;xilinx_vck190_base_dfx_202210_1|C:/Xilinx2/Vitis/2022.1/base_platforms/xilinx_vck190_base_dfx_202210_1/xilinx_vck190_base_dfx_202210_1.xpfm;xilinx_vmk180_base_202210_1|C:/Xilinx2/Vitis/2022.1/base_platforms/xilinx_vmk180_base_202210_1/xilinx_vmk180_base_202210_1.xpfm;xilinx_zcu102_base_202210_1|C:/Xilinx2/Vitis/2022.1/base_platforms/xilinx_zcu102_base_202210_1/xilinx_zcu102_base_202210_1.xpfm;xilinx_zcu102_base_dfx_202210_1|C:/Xilinx2/Vitis/2022.1/base_platforms/xilinx_zcu102_base_dfx_202210_1/xilinx_zcu102_base_dfx_202210_1.xpfm;xilinx_zcu104_base_202210_1|C:/Xilinx2/Vitis/2022.1/base_platforms/xilinx_zcu104_base_202210_1/xilinx_zcu104_base_202210_1.xpfm
14:41:23 INFO  : Checking for BSP changes to sync application flags for project 'RTM_Averager_app'...
14:42:21 INFO  : Disconnected from the channel tcfchan#3.
14:42:21 INFO  : Connected to target on host '127.0.0.1' and port '3121'.
14:42:22 INFO  : Jtag cable 'RealDigital Bla 887200000130A' is selected.
14:42:22 INFO  : 'jtag frequency' command is executed.
14:42:22 INFO  : Context for 'APU' is selected.
14:42:22 INFO  : System reset is completed.
14:42:25 INFO  : 'after 3000' command is executed.
14:42:25 INFO  : 'targets -set -filter {jtag_cable_name =~ "RealDigital Bla 887200000130A" && level==0 && jtag_device_ctx=="jsn1-13723093-0"}' command is executed.
14:42:26 INFO  : Device configured successfully with "C:/Users/james/source/repos/E_E-324/project_06-3/RTM_Averager_app/_ide/bitstream/RTM_system_wrapper.bit"
14:42:26 INFO  : Context for 'APU' is selected.
14:42:26 INFO  : Hardware design and registers information is loaded from 'E:/E_E-324/project_06-2/RTM_system/export/RTM_system/hw/RTM_system_wrapper.xsa'.
14:42:26 INFO  : 'configparams force-mem-access 1' command is executed.
14:42:26 INFO  : Context for 'APU' is selected.
14:42:26 INFO  : Sourcing of 'C:/Users/james/source/repos/E_E-324/project_06-3/RTM_Averager_app/_ide/psinit/ps7_init.tcl' is done.
14:42:27 INFO  : 'ps7_init' command is executed.
14:42:27 INFO  : 'ps7_post_config' command is executed.
14:42:27 INFO  : Context for processor 'ps7_cortexa9_0' is selected.
14:42:27 INFO  : The application 'C:/Users/james/source/repos/E_E-324/project_06-3/RTM_Averager_app/Debug/RTM_Averager_app.elf' is downloaded to processor 'ps7_cortexa9_0'.
14:42:27 INFO  : 'configparams force-mem-access 0' command is executed.
14:42:27 INFO  : ----------------XSDB Script----------------
connect -url tcp:127.0.0.1:3121
targets -set -nocase -filter {name =~"APU*"}
rst -system
after 3000
targets -set -filter {jtag_cable_name =~ "RealDigital Bla 887200000130A" && level==0 && jtag_device_ctx=="jsn1-13723093-0"}
fpga -file C:/Users/james/source/repos/E_E-324/project_06-3/RTM_Averager_app/_ide/bitstream/RTM_system_wrapper.bit
targets -set -nocase -filter {name =~"APU*"}
loadhw -hw E:/E_E-324/project_06-2/RTM_system/export/RTM_system/hw/RTM_system_wrapper.xsa -mem-ranges [list {0x40000000 0xbfffffff}] -regs
configparams force-mem-access 1
targets -set -nocase -filter {name =~"APU*"}
source C:/Users/james/source/repos/E_E-324/project_06-3/RTM_Averager_app/_ide/psinit/ps7_init.tcl
ps7_init
ps7_post_config
targets -set -nocase -filter {name =~ "*A9*#0"}
dow C:/Users/james/source/repos/E_E-324/project_06-3/RTM_Averager_app/Debug/RTM_Averager_app.elf
configparams force-mem-access 0
----------------End of Script----------------

14:42:27 INFO  : Context for processor 'ps7_cortexa9_0' is selected.
14:42:27 INFO  : 'con' command is executed.
14:42:27 INFO  : ----------------XSDB Script (After Launch)----------------
targets -set -nocase -filter {name =~ "*A9*#0"}
con
----------------End of Script----------------

14:42:27 INFO  : Launch script is exported to file 'C:\Users\james\source\repos\E_E-324\project_06-3\RTM_Averager_app_system\_ide\scripts\systemdebugger_rtm_averager_app_system_standalone.tcl'
15:36:30 INFO  : Checking for BSP changes to sync application flags for project 'RTM_Averager_app'...
15:36:42 INFO  : Checking for BSP changes to sync application flags for project 'RTM_Averager_app'...
15:37:53 INFO  : Checking for BSP changes to sync application flags for project 'RTM_Averager_app'...
15:38:10 INFO  : Disconnected from the channel tcfchan#7.
15:38:10 INFO  : Connected to target on host '127.0.0.1' and port '3121'.
15:38:10 INFO  : Jtag cable 'RealDigital Bla 887200000130A' is selected.
15:38:11 INFO  : 'jtag frequency' command is executed.
15:38:11 INFO  : Context for 'APU' is selected.
15:38:11 INFO  : System reset is completed.
15:38:14 INFO  : 'after 3000' command is executed.
15:38:14 INFO  : 'targets -set -filter {jtag_cable_name =~ "RealDigital Bla 887200000130A" && level==0 && jtag_device_ctx=="jsn1-13723093-0"}' command is executed.
15:38:15 INFO  : Device configured successfully with "C:/Users/james/source/repos/E_E-324/project_06-3/RTM_Averager_app/_ide/bitstream/RTM_system_wrapper.bit"
15:38:15 INFO  : Context for 'APU' is selected.
15:38:15 INFO  : Hardware design and registers information is loaded from 'E:/E_E-324/project_06-2/RTM_system/export/RTM_system/hw/RTM_system_wrapper.xsa'.
15:38:15 INFO  : 'configparams force-mem-access 1' command is executed.
15:38:15 INFO  : Context for 'APU' is selected.
15:38:15 INFO  : Sourcing of 'C:/Users/james/source/repos/E_E-324/project_06-3/RTM_Averager_app/_ide/psinit/ps7_init.tcl' is done.
15:38:15 INFO  : 'ps7_init' command is executed.
15:38:15 INFO  : 'ps7_post_config' command is executed.
15:38:15 INFO  : Context for processor 'ps7_cortexa9_0' is selected.
15:38:16 INFO  : The application 'C:/Users/james/source/repos/E_E-324/project_06-3/RTM_Averager_app/Debug/RTM_Averager_app.elf' is downloaded to processor 'ps7_cortexa9_0'.
15:38:16 INFO  : 'configparams force-mem-access 0' command is executed.
15:38:16 INFO  : ----------------XSDB Script----------------
connect -url tcp:127.0.0.1:3121
targets -set -nocase -filter {name =~"APU*"}
rst -system
after 3000
targets -set -filter {jtag_cable_name =~ "RealDigital Bla 887200000130A" && level==0 && jtag_device_ctx=="jsn1-13723093-0"}
fpga -file C:/Users/james/source/repos/E_E-324/project_06-3/RTM_Averager_app/_ide/bitstream/RTM_system_wrapper.bit
targets -set -nocase -filter {name =~"APU*"}
loadhw -hw E:/E_E-324/project_06-2/RTM_system/export/RTM_system/hw/RTM_system_wrapper.xsa -mem-ranges [list {0x40000000 0xbfffffff}] -regs
configparams force-mem-access 1
targets -set -nocase -filter {name =~"APU*"}
source C:/Users/james/source/repos/E_E-324/project_06-3/RTM_Averager_app/_ide/psinit/ps7_init.tcl
ps7_init
ps7_post_config
targets -set -nocase -filter {name =~ "*A9*#0"}
dow C:/Users/james/source/repos/E_E-324/project_06-3/RTM_Averager_app/Debug/RTM_Averager_app.elf
configparams force-mem-access 0
----------------End of Script----------------

15:38:16 INFO  : Context for processor 'ps7_cortexa9_0' is selected.
15:38:16 INFO  : 'con' command is executed.
15:38:16 INFO  : ----------------XSDB Script (After Launch)----------------
targets -set -nocase -filter {name =~ "*A9*#0"}
con
----------------End of Script----------------

15:38:16 INFO  : Launch script is exported to file 'C:\Users\james\source\repos\E_E-324\project_06-3\RTM_Averager_app_system\_ide\scripts\systemdebugger_rtm_averager_app_system_standalone.tcl'
15:39:39 INFO  : Checking for BSP changes to sync application flags for project 'RTM_Averager_app'...
15:39:50 INFO  : Checking for BSP changes to sync application flags for project 'RTM_Averager_app'...
15:41:25 INFO  : Disconnected from the channel tcfchan#9.
15:41:25 INFO  : Connected to target on host '127.0.0.1' and port '3121'.
15:41:26 INFO  : Jtag cable 'RealDigital Bla 887200000130A' is selected.
15:41:26 INFO  : 'jtag frequency' command is executed.
15:41:26 INFO  : Context for 'APU' is selected.
15:41:26 INFO  : System reset is completed.
15:41:29 INFO  : 'after 3000' command is executed.
15:41:29 INFO  : 'targets -set -filter {jtag_cable_name =~ "RealDigital Bla 887200000130A" && level==0 && jtag_device_ctx=="jsn1-13723093-0"}' command is executed.
15:41:30 INFO  : Device configured successfully with "C:/Users/james/source/repos/E_E-324/project_06-3/RTM_Averager_app/_ide/bitstream/RTM_system_wrapper.bit"
15:41:30 INFO  : Context for 'APU' is selected.
15:41:30 INFO  : Hardware design and registers information is loaded from 'E:/E_E-324/project_06-2/RTM_system/export/RTM_system/hw/RTM_system_wrapper.xsa'.
15:41:30 INFO  : 'configparams force-mem-access 1' command is executed.
15:41:30 INFO  : Context for 'APU' is selected.
15:41:30 INFO  : Sourcing of 'C:/Users/james/source/repos/E_E-324/project_06-3/RTM_Averager_app/_ide/psinit/ps7_init.tcl' is done.
15:41:30 INFO  : 'ps7_init' command is executed.
15:41:30 INFO  : 'ps7_post_config' command is executed.
15:41:30 INFO  : Context for processor 'ps7_cortexa9_0' is selected.
15:41:31 INFO  : The application 'C:/Users/james/source/repos/E_E-324/project_06-3/RTM_Averager_app/Debug/RTM_Averager_app.elf' is downloaded to processor 'ps7_cortexa9_0'.
15:41:31 INFO  : 'configparams force-mem-access 0' command is executed.
15:41:31 INFO  : ----------------XSDB Script----------------
connect -url tcp:127.0.0.1:3121
targets -set -nocase -filter {name =~"APU*"}
rst -system
after 3000
targets -set -filter {jtag_cable_name =~ "RealDigital Bla 887200000130A" && level==0 && jtag_device_ctx=="jsn1-13723093-0"}
fpga -file C:/Users/james/source/repos/E_E-324/project_06-3/RTM_Averager_app/_ide/bitstream/RTM_system_wrapper.bit
targets -set -nocase -filter {name =~"APU*"}
loadhw -hw E:/E_E-324/project_06-2/RTM_system/export/RTM_system/hw/RTM_system_wrapper.xsa -mem-ranges [list {0x40000000 0xbfffffff}] -regs
configparams force-mem-access 1
targets -set -nocase -filter {name =~"APU*"}
source C:/Users/james/source/repos/E_E-324/project_06-3/RTM_Averager_app/_ide/psinit/ps7_init.tcl
ps7_init
ps7_post_config
targets -set -nocase -filter {name =~ "*A9*#0"}
dow C:/Users/james/source/repos/E_E-324/project_06-3/RTM_Averager_app/Debug/RTM_Averager_app.elf
configparams force-mem-access 0
----------------End of Script----------------

15:41:31 INFO  : Context for processor 'ps7_cortexa9_0' is selected.
15:41:31 INFO  : 'con' command is executed.
15:41:31 INFO  : ----------------XSDB Script (After Launch)----------------
targets -set -nocase -filter {name =~ "*A9*#0"}
con
----------------End of Script----------------

15:41:31 INFO  : Launch script is exported to file 'C:\Users\james\source\repos\E_E-324\project_06-3\RTM_Averager_app_system\_ide\scripts\systemdebugger_rtm_averager_app_system_standalone.tcl'
15:42:08 INFO  : Checking for BSP changes to sync application flags for project 'RTM_Averager_app'...
15:42:50 INFO  : Checking for BSP changes to sync application flags for project 'RTM_Averager_app'...
15:43:21 INFO  : Disconnected from the channel tcfchan#12.
15:43:21 INFO  : Connected to target on host '127.0.0.1' and port '3121'.
15:43:21 INFO  : Jtag cable 'RealDigital Bla 887200000130A' is selected.
15:43:21 INFO  : 'jtag frequency' command is executed.
15:43:21 INFO  : Context for 'APU' is selected.
15:43:21 INFO  : System reset is completed.
15:43:24 INFO  : 'after 3000' command is executed.
15:43:24 INFO  : 'targets -set -filter {jtag_cable_name =~ "RealDigital Bla 887200000130A" && level==0 && jtag_device_ctx=="jsn1-13723093-0"}' command is executed.
15:43:26 INFO  : Device configured successfully with "C:/Users/james/source/repos/E_E-324/project_06-3/RTM_Averager_app/_ide/bitstream/RTM_system_wrapper.bit"
15:43:26 INFO  : Context for 'APU' is selected.
15:43:26 INFO  : Hardware design and registers information is loaded from 'E:/E_E-324/project_06-2/RTM_system/export/RTM_system/hw/RTM_system_wrapper.xsa'.
15:43:26 INFO  : 'configparams force-mem-access 1' command is executed.
15:43:26 INFO  : Context for 'APU' is selected.
15:43:26 INFO  : Sourcing of 'C:/Users/james/source/repos/E_E-324/project_06-3/RTM_Averager_app/_ide/psinit/ps7_init.tcl' is done.
15:43:26 INFO  : 'ps7_init' command is executed.
15:43:26 INFO  : 'ps7_post_config' command is executed.
15:43:26 INFO  : Context for processor 'ps7_cortexa9_0' is selected.
15:43:26 INFO  : The application 'C:/Users/james/source/repos/E_E-324/project_06-3/RTM_Averager_app/Debug/RTM_Averager_app.elf' is downloaded to processor 'ps7_cortexa9_0'.
15:43:26 INFO  : 'configparams force-mem-access 0' command is executed.
15:43:26 INFO  : ----------------XSDB Script----------------
connect -url tcp:127.0.0.1:3121
targets -set -nocase -filter {name =~"APU*"}
rst -system
after 3000
targets -set -filter {jtag_cable_name =~ "RealDigital Bla 887200000130A" && level==0 && jtag_device_ctx=="jsn1-13723093-0"}
fpga -file C:/Users/james/source/repos/E_E-324/project_06-3/RTM_Averager_app/_ide/bitstream/RTM_system_wrapper.bit
targets -set -nocase -filter {name =~"APU*"}
loadhw -hw E:/E_E-324/project_06-2/RTM_system/export/RTM_system/hw/RTM_system_wrapper.xsa -mem-ranges [list {0x40000000 0xbfffffff}] -regs
configparams force-mem-access 1
targets -set -nocase -filter {name =~"APU*"}
source C:/Users/james/source/repos/E_E-324/project_06-3/RTM_Averager_app/_ide/psinit/ps7_init.tcl
ps7_init
ps7_post_config
targets -set -nocase -filter {name =~ "*A9*#0"}
dow C:/Users/james/source/repos/E_E-324/project_06-3/RTM_Averager_app/Debug/RTM_Averager_app.elf
configparams force-mem-access 0
----------------End of Script----------------

15:43:26 INFO  : Context for processor 'ps7_cortexa9_0' is selected.
15:43:26 INFO  : 'con' command is executed.
15:43:26 INFO  : ----------------XSDB Script (After Launch)----------------
targets -set -nocase -filter {name =~ "*A9*#0"}
con
----------------End of Script----------------

15:43:26 INFO  : Launch script is exported to file 'C:\Users\james\source\repos\E_E-324\project_06-3\RTM_Averager_app_system\_ide\scripts\systemdebugger_rtm_averager_app_system_standalone.tcl'
15:46:59 INFO  : Checking for BSP changes to sync application flags for project 'RTM_Averager_app'...
15:48:47 INFO  : Disconnected from the channel tcfchan#15.
15:48:47 INFO  : Connected to target on host '127.0.0.1' and port '3121'.
15:48:47 INFO  : Jtag cable 'RealDigital Bla 887200000130A' is selected.
15:48:47 INFO  : 'jtag frequency' command is executed.
15:48:47 INFO  : Context for 'APU' is selected.
15:48:47 INFO  : System reset is completed.
15:48:50 INFO  : 'after 3000' command is executed.
15:48:51 INFO  : 'targets -set -filter {jtag_cable_name =~ "RealDigital Bla 887200000130A" && level==0 && jtag_device_ctx=="jsn1-13723093-0"}' command is executed.
15:48:52 INFO  : Device configured successfully with "C:/Users/james/source/repos/E_E-324/project_06-3/RTM_Averager_app/_ide/bitstream/RTM_system_wrapper.bit"
15:48:52 INFO  : Context for 'APU' is selected.
15:48:52 INFO  : Hardware design and registers information is loaded from 'E:/E_E-324/project_06-2/RTM_system/export/RTM_system/hw/RTM_system_wrapper.xsa'.
15:48:52 INFO  : 'configparams force-mem-access 1' command is executed.
15:48:52 INFO  : Context for 'APU' is selected.
15:48:52 INFO  : Sourcing of 'C:/Users/james/source/repos/E_E-324/project_06-3/RTM_Averager_app/_ide/psinit/ps7_init.tcl' is done.
15:48:52 INFO  : 'ps7_init' command is executed.
15:48:52 INFO  : 'ps7_post_config' command is executed.
15:48:52 INFO  : Context for processor 'ps7_cortexa9_0' is selected.
15:48:52 INFO  : The application 'C:/Users/james/source/repos/E_E-324/project_06-3/RTM_Averager_app/Debug/RTM_Averager_app.elf' is downloaded to processor 'ps7_cortexa9_0'.
15:48:52 INFO  : 'configparams force-mem-access 0' command is executed.
15:48:52 INFO  : ----------------XSDB Script----------------
connect -url tcp:127.0.0.1:3121
targets -set -nocase -filter {name =~"APU*"}
rst -system
after 3000
targets -set -filter {jtag_cable_name =~ "RealDigital Bla 887200000130A" && level==0 && jtag_device_ctx=="jsn1-13723093-0"}
fpga -file C:/Users/james/source/repos/E_E-324/project_06-3/RTM_Averager_app/_ide/bitstream/RTM_system_wrapper.bit
targets -set -nocase -filter {name =~"APU*"}
loadhw -hw E:/E_E-324/project_06-2/RTM_system/export/RTM_system/hw/RTM_system_wrapper.xsa -mem-ranges [list {0x40000000 0xbfffffff}] -regs
configparams force-mem-access 1
targets -set -nocase -filter {name =~"APU*"}
source C:/Users/james/source/repos/E_E-324/project_06-3/RTM_Averager_app/_ide/psinit/ps7_init.tcl
ps7_init
ps7_post_config
targets -set -nocase -filter {name =~ "*A9*#0"}
dow C:/Users/james/source/repos/E_E-324/project_06-3/RTM_Averager_app/Debug/RTM_Averager_app.elf
configparams force-mem-access 0
----------------End of Script----------------

15:48:53 INFO  : Context for processor 'ps7_cortexa9_0' is selected.
15:48:53 INFO  : 'con' command is executed.
15:48:53 INFO  : ----------------XSDB Script (After Launch)----------------
targets -set -nocase -filter {name =~ "*A9*#0"}
con
----------------End of Script----------------

15:48:53 INFO  : Launch script is exported to file 'C:\Users\james\source\repos\E_E-324\project_06-3\RTM_Averager_app_system\_ide\scripts\systemdebugger_rtm_averager_app_system_standalone.tcl'
15:49:30 INFO  : Checking for BSP changes to sync application flags for project 'RTM_Averager_app'...
15:49:45 INFO  : Disconnected from the channel tcfchan#17.
15:49:45 INFO  : Connected to target on host '127.0.0.1' and port '3121'.
15:49:45 INFO  : Jtag cable 'RealDigital Bla 887200000130A' is selected.
15:49:45 INFO  : 'jtag frequency' command is executed.
15:49:45 INFO  : Context for 'APU' is selected.
15:49:45 INFO  : System reset is completed.
15:49:48 INFO  : 'after 3000' command is executed.
15:49:48 INFO  : 'targets -set -filter {jtag_cable_name =~ "RealDigital Bla 887200000130A" && level==0 && jtag_device_ctx=="jsn1-13723093-0"}' command is executed.
15:49:50 INFO  : Device configured successfully with "C:/Users/james/source/repos/E_E-324/project_06-3/RTM_Averager_app/_ide/bitstream/RTM_system_wrapper.bit"
15:49:50 INFO  : Context for 'APU' is selected.
15:49:50 INFO  : Hardware design and registers information is loaded from 'E:/E_E-324/project_06-2/RTM_system/export/RTM_system/hw/RTM_system_wrapper.xsa'.
15:49:50 INFO  : 'configparams force-mem-access 1' command is executed.
15:49:50 INFO  : Context for 'APU' is selected.
15:49:50 INFO  : Sourcing of 'C:/Users/james/source/repos/E_E-324/project_06-3/RTM_Averager_app/_ide/psinit/ps7_init.tcl' is done.
15:49:50 INFO  : 'ps7_init' command is executed.
15:49:50 INFO  : 'ps7_post_config' command is executed.
15:49:50 INFO  : Context for processor 'ps7_cortexa9_0' is selected.
15:49:50 INFO  : The application 'C:/Users/james/source/repos/E_E-324/project_06-3/RTM_Averager_app/Debug/RTM_Averager_app.elf' is downloaded to processor 'ps7_cortexa9_0'.
15:49:50 INFO  : 'configparams force-mem-access 0' command is executed.
15:49:50 INFO  : ----------------XSDB Script----------------
connect -url tcp:127.0.0.1:3121
targets -set -nocase -filter {name =~"APU*"}
rst -system
after 3000
targets -set -filter {jtag_cable_name =~ "RealDigital Bla 887200000130A" && level==0 && jtag_device_ctx=="jsn1-13723093-0"}
fpga -file C:/Users/james/source/repos/E_E-324/project_06-3/RTM_Averager_app/_ide/bitstream/RTM_system_wrapper.bit
targets -set -nocase -filter {name =~"APU*"}
loadhw -hw E:/E_E-324/project_06-2/RTM_system/export/RTM_system/hw/RTM_system_wrapper.xsa -mem-ranges [list {0x40000000 0xbfffffff}] -regs
configparams force-mem-access 1
targets -set -nocase -filter {name =~"APU*"}
source C:/Users/james/source/repos/E_E-324/project_06-3/RTM_Averager_app/_ide/psinit/ps7_init.tcl
ps7_init
ps7_post_config
targets -set -nocase -filter {name =~ "*A9*#0"}
dow C:/Users/james/source/repos/E_E-324/project_06-3/RTM_Averager_app/Debug/RTM_Averager_app.elf
configparams force-mem-access 0
----------------End of Script----------------

15:49:50 INFO  : Context for processor 'ps7_cortexa9_0' is selected.
15:49:50 INFO  : 'con' command is executed.
15:49:50 INFO  : ----------------XSDB Script (After Launch)----------------
targets -set -nocase -filter {name =~ "*A9*#0"}
con
----------------End of Script----------------

15:49:50 INFO  : Launch script is exported to file 'C:\Users\james\source\repos\E_E-324\project_06-3\RTM_Averager_app_system\_ide\scripts\systemdebugger_rtm_averager_app_system_standalone.tcl'
15:50:21 INFO  : Checking for BSP changes to sync application flags for project 'RTM_Averager_app'...
15:50:41 INFO  : Disconnected from the channel tcfchan#19.
15:50:41 INFO  : Connected to target on host '127.0.0.1' and port '3121'.
15:50:41 INFO  : Jtag cable 'RealDigital Bla 887200000130A' is selected.
15:50:41 INFO  : 'jtag frequency' command is executed.
15:50:41 INFO  : Context for 'APU' is selected.
15:50:41 INFO  : System reset is completed.
15:50:44 INFO  : 'after 3000' command is executed.
15:50:44 INFO  : 'targets -set -filter {jtag_cable_name =~ "RealDigital Bla 887200000130A" && level==0 && jtag_device_ctx=="jsn1-13723093-0"}' command is executed.
15:50:46 INFO  : Device configured successfully with "C:/Users/james/source/repos/E_E-324/project_06-3/RTM_Averager_app/_ide/bitstream/RTM_system_wrapper.bit"
15:50:46 INFO  : Context for 'APU' is selected.
15:50:46 INFO  : Hardware design and registers information is loaded from 'E:/E_E-324/project_06-2/RTM_system/export/RTM_system/hw/RTM_system_wrapper.xsa'.
15:50:46 INFO  : 'configparams force-mem-access 1' command is executed.
15:50:46 INFO  : Context for 'APU' is selected.
15:50:46 INFO  : Sourcing of 'C:/Users/james/source/repos/E_E-324/project_06-3/RTM_Averager_app/_ide/psinit/ps7_init.tcl' is done.
15:50:46 INFO  : 'ps7_init' command is executed.
15:50:46 INFO  : 'ps7_post_config' command is executed.
15:50:46 INFO  : Context for processor 'ps7_cortexa9_0' is selected.
15:50:46 INFO  : The application 'C:/Users/james/source/repos/E_E-324/project_06-3/RTM_Averager_app/Debug/RTM_Averager_app.elf' is downloaded to processor 'ps7_cortexa9_0'.
15:50:46 INFO  : 'configparams force-mem-access 0' command is executed.
15:50:46 INFO  : ----------------XSDB Script----------------
connect -url tcp:127.0.0.1:3121
targets -set -nocase -filter {name =~"APU*"}
rst -system
after 3000
targets -set -filter {jtag_cable_name =~ "RealDigital Bla 887200000130A" && level==0 && jtag_device_ctx=="jsn1-13723093-0"}
fpga -file C:/Users/james/source/repos/E_E-324/project_06-3/RTM_Averager_app/_ide/bitstream/RTM_system_wrapper.bit
targets -set -nocase -filter {name =~"APU*"}
loadhw -hw E:/E_E-324/project_06-2/RTM_system/export/RTM_system/hw/RTM_system_wrapper.xsa -mem-ranges [list {0x40000000 0xbfffffff}] -regs
configparams force-mem-access 1
targets -set -nocase -filter {name =~"APU*"}
source C:/Users/james/source/repos/E_E-324/project_06-3/RTM_Averager_app/_ide/psinit/ps7_init.tcl
ps7_init
ps7_post_config
targets -set -nocase -filter {name =~ "*A9*#0"}
dow C:/Users/james/source/repos/E_E-324/project_06-3/RTM_Averager_app/Debug/RTM_Averager_app.elf
configparams force-mem-access 0
----------------End of Script----------------

15:50:46 INFO  : Context for processor 'ps7_cortexa9_0' is selected.
15:50:46 INFO  : 'con' command is executed.
15:50:46 INFO  : ----------------XSDB Script (After Launch)----------------
targets -set -nocase -filter {name =~ "*A9*#0"}
con
----------------End of Script----------------

15:50:46 INFO  : Launch script is exported to file 'C:\Users\james\source\repos\E_E-324\project_06-3\RTM_Averager_app_system\_ide\scripts\systemdebugger_rtm_averager_app_system_standalone.tcl'
15:53:09 INFO  : Checking for BSP changes to sync application flags for project 'RTM_Averager_app'...
15:53:29 INFO  : Disconnected from the channel tcfchan#21.
15:53:29 INFO  : Connected to target on host '127.0.0.1' and port '3121'.
15:53:29 INFO  : Jtag cable 'RealDigital Bla 887200000130A' is selected.
15:53:29 INFO  : 'jtag frequency' command is executed.
15:53:29 INFO  : Context for 'APU' is selected.
15:53:29 INFO  : System reset is completed.
15:53:32 INFO  : 'after 3000' command is executed.
15:53:32 INFO  : 'targets -set -filter {jtag_cable_name =~ "RealDigital Bla 887200000130A" && level==0 && jtag_device_ctx=="jsn1-13723093-0"}' command is executed.
15:53:33 INFO  : Device configured successfully with "C:/Users/james/source/repos/E_E-324/project_06-3/RTM_Averager_app/_ide/bitstream/RTM_system_wrapper.bit"
15:53:34 INFO  : Context for 'APU' is selected.
15:53:34 INFO  : Hardware design and registers information is loaded from 'E:/E_E-324/project_06-2/RTM_system/export/RTM_system/hw/RTM_system_wrapper.xsa'.
15:53:34 INFO  : 'configparams force-mem-access 1' command is executed.
15:53:34 INFO  : Context for 'APU' is selected.
15:53:34 INFO  : Sourcing of 'C:/Users/james/source/repos/E_E-324/project_06-3/RTM_Averager_app/_ide/psinit/ps7_init.tcl' is done.
15:53:34 INFO  : 'ps7_init' command is executed.
15:53:34 INFO  : 'ps7_post_config' command is executed.
15:53:34 INFO  : Context for processor 'ps7_cortexa9_0' is selected.
15:53:34 INFO  : The application 'C:/Users/james/source/repos/E_E-324/project_06-3/RTM_Averager_app/Debug/RTM_Averager_app.elf' is downloaded to processor 'ps7_cortexa9_0'.
15:53:34 INFO  : 'configparams force-mem-access 0' command is executed.
15:53:34 INFO  : ----------------XSDB Script----------------
connect -url tcp:127.0.0.1:3121
targets -set -nocase -filter {name =~"APU*"}
rst -system
after 3000
targets -set -filter {jtag_cable_name =~ "RealDigital Bla 887200000130A" && level==0 && jtag_device_ctx=="jsn1-13723093-0"}
fpga -file C:/Users/james/source/repos/E_E-324/project_06-3/RTM_Averager_app/_ide/bitstream/RTM_system_wrapper.bit
targets -set -nocase -filter {name =~"APU*"}
loadhw -hw E:/E_E-324/project_06-2/RTM_system/export/RTM_system/hw/RTM_system_wrapper.xsa -mem-ranges [list {0x40000000 0xbfffffff}] -regs
configparams force-mem-access 1
targets -set -nocase -filter {name =~"APU*"}
source C:/Users/james/source/repos/E_E-324/project_06-3/RTM_Averager_app/_ide/psinit/ps7_init.tcl
ps7_init
ps7_post_config
targets -set -nocase -filter {name =~ "*A9*#0"}
dow C:/Users/james/source/repos/E_E-324/project_06-3/RTM_Averager_app/Debug/RTM_Averager_app.elf
configparams force-mem-access 0
----------------End of Script----------------

15:53:34 INFO  : Context for processor 'ps7_cortexa9_0' is selected.
15:53:34 INFO  : 'con' command is executed.
15:53:34 INFO  : ----------------XSDB Script (After Launch)----------------
targets -set -nocase -filter {name =~ "*A9*#0"}
con
----------------End of Script----------------

15:53:34 INFO  : Launch script is exported to file 'C:\Users\james\source\repos\E_E-324\project_06-3\RTM_Averager_app_system\_ide\scripts\systemdebugger_rtm_averager_app_system_standalone.tcl'
16:15:27 INFO  : Checking for BSP changes to sync application flags for project 'RTM_Averager_app'...
16:15:48 INFO  : Disconnected from the channel tcfchan#23.
16:15:49 INFO  : Connected to target on host '127.0.0.1' and port '3121'.
16:15:49 INFO  : Jtag cable 'RealDigital Bla 887200000130A' is selected.
16:15:49 INFO  : 'jtag frequency' command is executed.
16:15:49 INFO  : Context for 'APU' is selected.
16:15:49 INFO  : System reset is completed.
16:15:52 INFO  : 'after 3000' command is executed.
16:15:52 INFO  : 'targets -set -filter {jtag_cable_name =~ "RealDigital Bla 887200000130A" && level==0 && jtag_device_ctx=="jsn1-13723093-0"}' command is executed.
16:15:53 INFO  : Device configured successfully with "C:/Users/james/source/repos/E_E-324/project_06-3/RTM_Averager_app/_ide/bitstream/RTM_system_wrapper.bit"
16:15:53 INFO  : Context for 'APU' is selected.
16:15:53 INFO  : Hardware design and registers information is loaded from 'E:/E_E-324/project_06-2/RTM_system/export/RTM_system/hw/RTM_system_wrapper.xsa'.
16:15:53 INFO  : 'configparams force-mem-access 1' command is executed.
16:15:53 INFO  : Context for 'APU' is selected.
16:15:53 INFO  : Sourcing of 'C:/Users/james/source/repos/E_E-324/project_06-3/RTM_Averager_app/_ide/psinit/ps7_init.tcl' is done.
16:15:54 INFO  : 'ps7_init' command is executed.
16:15:54 INFO  : 'ps7_post_config' command is executed.
16:15:54 INFO  : Context for processor 'ps7_cortexa9_0' is selected.
16:15:54 INFO  : The application 'C:/Users/james/source/repos/E_E-324/project_06-3/RTM_Averager_app/Debug/RTM_Averager_app.elf' is downloaded to processor 'ps7_cortexa9_0'.
16:15:54 INFO  : 'configparams force-mem-access 0' command is executed.
16:15:54 INFO  : ----------------XSDB Script----------------
connect -url tcp:127.0.0.1:3121
targets -set -nocase -filter {name =~"APU*"}
rst -system
after 3000
targets -set -filter {jtag_cable_name =~ "RealDigital Bla 887200000130A" && level==0 && jtag_device_ctx=="jsn1-13723093-0"}
fpga -file C:/Users/james/source/repos/E_E-324/project_06-3/RTM_Averager_app/_ide/bitstream/RTM_system_wrapper.bit
targets -set -nocase -filter {name =~"APU*"}
loadhw -hw E:/E_E-324/project_06-2/RTM_system/export/RTM_system/hw/RTM_system_wrapper.xsa -mem-ranges [list {0x40000000 0xbfffffff}] -regs
configparams force-mem-access 1
targets -set -nocase -filter {name =~"APU*"}
source C:/Users/james/source/repos/E_E-324/project_06-3/RTM_Averager_app/_ide/psinit/ps7_init.tcl
ps7_init
ps7_post_config
targets -set -nocase -filter {name =~ "*A9*#0"}
dow C:/Users/james/source/repos/E_E-324/project_06-3/RTM_Averager_app/Debug/RTM_Averager_app.elf
configparams force-mem-access 0
----------------End of Script----------------

16:15:54 INFO  : Context for processor 'ps7_cortexa9_0' is selected.
16:15:54 INFO  : 'con' command is executed.
16:15:54 INFO  : ----------------XSDB Script (After Launch)----------------
targets -set -nocase -filter {name =~ "*A9*#0"}
con
----------------End of Script----------------

16:15:54 INFO  : Launch script is exported to file 'C:\Users\james\source\repos\E_E-324\project_06-3\RTM_Averager_app_system\_ide\scripts\systemdebugger_rtm_averager_app_system_standalone.tcl'
16:16:59 INFO  : Checking for BSP changes to sync application flags for project 'RTM_Averager_app'...
16:17:15 INFO  : Disconnected from the channel tcfchan#25.
16:17:15 INFO  : Connected to target on host '127.0.0.1' and port '3121'.
16:17:15 INFO  : Jtag cable 'RealDigital Bla 887200000130A' is selected.
16:17:15 INFO  : 'jtag frequency' command is executed.
16:17:15 INFO  : Context for 'APU' is selected.
16:17:15 INFO  : System reset is completed.
16:17:18 INFO  : 'after 3000' command is executed.
16:17:18 INFO  : 'targets -set -filter {jtag_cable_name =~ "RealDigital Bla 887200000130A" && level==0 && jtag_device_ctx=="jsn1-13723093-0"}' command is executed.
16:17:19 INFO  : Device configured successfully with "C:/Users/james/source/repos/E_E-324/project_06-3/RTM_Averager_app/_ide/bitstream/RTM_system_wrapper.bit"
16:17:19 INFO  : Context for 'APU' is selected.
16:17:19 INFO  : Hardware design and registers information is loaded from 'E:/E_E-324/project_06-2/RTM_system/export/RTM_system/hw/RTM_system_wrapper.xsa'.
16:17:19 INFO  : 'configparams force-mem-access 1' command is executed.
16:17:19 INFO  : Context for 'APU' is selected.
16:17:19 INFO  : Sourcing of 'C:/Users/james/source/repos/E_E-324/project_06-3/RTM_Averager_app/_ide/psinit/ps7_init.tcl' is done.
16:17:20 INFO  : 'ps7_init' command is executed.
16:17:20 INFO  : 'ps7_post_config' command is executed.
16:17:20 INFO  : Context for processor 'ps7_cortexa9_0' is selected.
16:17:20 INFO  : The application 'C:/Users/james/source/repos/E_E-324/project_06-3/RTM_Averager_app/Debug/RTM_Averager_app.elf' is downloaded to processor 'ps7_cortexa9_0'.
16:17:20 INFO  : 'configparams force-mem-access 0' command is executed.
16:17:20 INFO  : ----------------XSDB Script----------------
connect -url tcp:127.0.0.1:3121
targets -set -nocase -filter {name =~"APU*"}
rst -system
after 3000
targets -set -filter {jtag_cable_name =~ "RealDigital Bla 887200000130A" && level==0 && jtag_device_ctx=="jsn1-13723093-0"}
fpga -file C:/Users/james/source/repos/E_E-324/project_06-3/RTM_Averager_app/_ide/bitstream/RTM_system_wrapper.bit
targets -set -nocase -filter {name =~"APU*"}
loadhw -hw E:/E_E-324/project_06-2/RTM_system/export/RTM_system/hw/RTM_system_wrapper.xsa -mem-ranges [list {0x40000000 0xbfffffff}] -regs
configparams force-mem-access 1
targets -set -nocase -filter {name =~"APU*"}
source C:/Users/james/source/repos/E_E-324/project_06-3/RTM_Averager_app/_ide/psinit/ps7_init.tcl
ps7_init
ps7_post_config
targets -set -nocase -filter {name =~ "*A9*#0"}
dow C:/Users/james/source/repos/E_E-324/project_06-3/RTM_Averager_app/Debug/RTM_Averager_app.elf
configparams force-mem-access 0
----------------End of Script----------------

16:17:20 INFO  : Context for processor 'ps7_cortexa9_0' is selected.
16:17:20 INFO  : 'con' command is executed.
16:17:20 INFO  : ----------------XSDB Script (After Launch)----------------
targets -set -nocase -filter {name =~ "*A9*#0"}
con
----------------End of Script----------------

16:17:20 INFO  : Launch script is exported to file 'C:\Users\james\source\repos\E_E-324\project_06-3\RTM_Averager_app_system\_ide\scripts\systemdebugger_rtm_averager_app_system_standalone.tcl'
16:17:52 INFO  : Checking for BSP changes to sync application flags for project 'RTM_Averager_app'...
16:18:06 INFO  : Disconnected from the channel tcfchan#27.
16:18:06 INFO  : Connected to target on host '127.0.0.1' and port '3121'.
16:18:07 INFO  : Jtag cable 'RealDigital Bla 887200000130A' is selected.
16:18:07 INFO  : 'jtag frequency' command is executed.
16:18:07 INFO  : Context for 'APU' is selected.
16:18:07 INFO  : System reset is completed.
16:18:10 INFO  : 'after 3000' command is executed.
16:18:10 INFO  : 'targets -set -filter {jtag_cable_name =~ "RealDigital Bla 887200000130A" && level==0 && jtag_device_ctx=="jsn1-13723093-0"}' command is executed.
16:18:11 INFO  : Device configured successfully with "C:/Users/james/source/repos/E_E-324/project_06-3/RTM_Averager_app/_ide/bitstream/RTM_system_wrapper.bit"
16:18:11 INFO  : Context for 'APU' is selected.
16:18:11 INFO  : Hardware design and registers information is loaded from 'E:/E_E-324/project_06-2/RTM_system/export/RTM_system/hw/RTM_system_wrapper.xsa'.
16:18:11 INFO  : 'configparams force-mem-access 1' command is executed.
16:18:11 INFO  : Context for 'APU' is selected.
16:18:11 INFO  : Sourcing of 'C:/Users/james/source/repos/E_E-324/project_06-3/RTM_Averager_app/_ide/psinit/ps7_init.tcl' is done.
16:18:12 INFO  : 'ps7_init' command is executed.
16:18:12 INFO  : 'ps7_post_config' command is executed.
16:18:12 INFO  : Context for processor 'ps7_cortexa9_0' is selected.
16:18:12 INFO  : The application 'C:/Users/james/source/repos/E_E-324/project_06-3/RTM_Averager_app/Debug/RTM_Averager_app.elf' is downloaded to processor 'ps7_cortexa9_0'.
16:18:12 INFO  : 'configparams force-mem-access 0' command is executed.
16:18:12 INFO  : ----------------XSDB Script----------------
connect -url tcp:127.0.0.1:3121
targets -set -nocase -filter {name =~"APU*"}
rst -system
after 3000
targets -set -filter {jtag_cable_name =~ "RealDigital Bla 887200000130A" && level==0 && jtag_device_ctx=="jsn1-13723093-0"}
fpga -file C:/Users/james/source/repos/E_E-324/project_06-3/RTM_Averager_app/_ide/bitstream/RTM_system_wrapper.bit
targets -set -nocase -filter {name =~"APU*"}
loadhw -hw E:/E_E-324/project_06-2/RTM_system/export/RTM_system/hw/RTM_system_wrapper.xsa -mem-ranges [list {0x40000000 0xbfffffff}] -regs
configparams force-mem-access 1
targets -set -nocase -filter {name =~"APU*"}
source C:/Users/james/source/repos/E_E-324/project_06-3/RTM_Averager_app/_ide/psinit/ps7_init.tcl
ps7_init
ps7_post_config
targets -set -nocase -filter {name =~ "*A9*#0"}
dow C:/Users/james/source/repos/E_E-324/project_06-3/RTM_Averager_app/Debug/RTM_Averager_app.elf
configparams force-mem-access 0
----------------End of Script----------------

16:18:12 INFO  : Context for processor 'ps7_cortexa9_0' is selected.
16:18:12 INFO  : 'con' command is executed.
16:18:12 INFO  : ----------------XSDB Script (After Launch)----------------
targets -set -nocase -filter {name =~ "*A9*#0"}
con
----------------End of Script----------------

16:18:12 INFO  : Launch script is exported to file 'C:\Users\james\source\repos\E_E-324\project_06-3\RTM_Averager_app_system\_ide\scripts\systemdebugger_rtm_averager_app_system_standalone.tcl'
16:19:14 INFO  : Checking for BSP changes to sync application flags for project 'RTM_Averager_app'...
16:19:26 INFO  : Disconnected from the channel tcfchan#29.
16:19:26 INFO  : Connected to target on host '127.0.0.1' and port '3121'.
16:19:27 INFO  : Jtag cable 'RealDigital Bla 887200000130A' is selected.
16:19:27 INFO  : 'jtag frequency' command is executed.
16:19:27 INFO  : Context for 'APU' is selected.
16:19:27 INFO  : System reset is completed.
16:19:30 INFO  : 'after 3000' command is executed.
16:19:30 INFO  : 'targets -set -filter {jtag_cable_name =~ "RealDigital Bla 887200000130A" && level==0 && jtag_device_ctx=="jsn1-13723093-0"}' command is executed.
16:19:31 INFO  : Device configured successfully with "C:/Users/james/source/repos/E_E-324/project_06-3/RTM_Averager_app/_ide/bitstream/RTM_system_wrapper.bit"
16:19:31 INFO  : Context for 'APU' is selected.
16:19:31 INFO  : Hardware design and registers information is loaded from 'E:/E_E-324/project_06-2/RTM_system/export/RTM_system/hw/RTM_system_wrapper.xsa'.
16:19:31 INFO  : 'configparams force-mem-access 1' command is executed.
16:19:31 INFO  : Context for 'APU' is selected.
16:19:31 INFO  : Sourcing of 'C:/Users/james/source/repos/E_E-324/project_06-3/RTM_Averager_app/_ide/psinit/ps7_init.tcl' is done.
16:19:31 INFO  : 'ps7_init' command is executed.
16:19:31 INFO  : 'ps7_post_config' command is executed.
16:19:31 INFO  : Context for processor 'ps7_cortexa9_0' is selected.
16:19:32 INFO  : The application 'C:/Users/james/source/repos/E_E-324/project_06-3/RTM_Averager_app/Debug/RTM_Averager_app.elf' is downloaded to processor 'ps7_cortexa9_0'.
16:19:32 INFO  : 'configparams force-mem-access 0' command is executed.
16:19:32 INFO  : ----------------XSDB Script----------------
connect -url tcp:127.0.0.1:3121
targets -set -nocase -filter {name =~"APU*"}
rst -system
after 3000
targets -set -filter {jtag_cable_name =~ "RealDigital Bla 887200000130A" && level==0 && jtag_device_ctx=="jsn1-13723093-0"}
fpga -file C:/Users/james/source/repos/E_E-324/project_06-3/RTM_Averager_app/_ide/bitstream/RTM_system_wrapper.bit
targets -set -nocase -filter {name =~"APU*"}
loadhw -hw E:/E_E-324/project_06-2/RTM_system/export/RTM_system/hw/RTM_system_wrapper.xsa -mem-ranges [list {0x40000000 0xbfffffff}] -regs
configparams force-mem-access 1
targets -set -nocase -filter {name =~"APU*"}
source C:/Users/james/source/repos/E_E-324/project_06-3/RTM_Averager_app/_ide/psinit/ps7_init.tcl
ps7_init
ps7_post_config
targets -set -nocase -filter {name =~ "*A9*#0"}
dow C:/Users/james/source/repos/E_E-324/project_06-3/RTM_Averager_app/Debug/RTM_Averager_app.elf
configparams force-mem-access 0
----------------End of Script----------------

16:19:32 INFO  : Context for processor 'ps7_cortexa9_0' is selected.
16:19:32 INFO  : 'con' command is executed.
16:19:32 INFO  : ----------------XSDB Script (After Launch)----------------
targets -set -nocase -filter {name =~ "*A9*#0"}
con
----------------End of Script----------------

16:19:32 INFO  : Launch script is exported to file 'C:\Users\james\source\repos\E_E-324\project_06-3\RTM_Averager_app_system\_ide\scripts\systemdebugger_rtm_averager_app_system_standalone.tcl'
16:21:24 INFO  : Checking for BSP changes to sync application flags for project 'RTM_Averager_app'...
16:21:46 INFO  : Checking for BSP changes to sync application flags for project 'RTM_Averager_app'...
16:22:09 INFO  : Disconnected from the channel tcfchan#31.
16:22:09 INFO  : Connected to target on host '127.0.0.1' and port '3121'.
16:22:09 INFO  : Jtag cable 'RealDigital Bla 887200000130A' is selected.
16:22:09 INFO  : 'jtag frequency' command is executed.
16:22:09 INFO  : Context for 'APU' is selected.
16:22:09 INFO  : System reset is completed.
16:22:12 INFO  : 'after 3000' command is executed.
16:22:12 INFO  : 'targets -set -filter {jtag_cable_name =~ "RealDigital Bla 887200000130A" && level==0 && jtag_device_ctx=="jsn1-13723093-0"}' command is executed.
16:22:13 INFO  : Device configured successfully with "C:/Users/james/source/repos/E_E-324/project_06-3/RTM_Averager_app/_ide/bitstream/RTM_system_wrapper.bit"
16:22:14 INFO  : Context for 'APU' is selected.
16:22:14 INFO  : Hardware design and registers information is loaded from 'E:/E_E-324/project_06-2/RTM_system/export/RTM_system/hw/RTM_system_wrapper.xsa'.
16:22:14 INFO  : 'configparams force-mem-access 1' command is executed.
16:22:14 INFO  : Context for 'APU' is selected.
16:22:14 INFO  : Sourcing of 'C:/Users/james/source/repos/E_E-324/project_06-3/RTM_Averager_app/_ide/psinit/ps7_init.tcl' is done.
16:22:14 INFO  : 'ps7_init' command is executed.
16:22:14 INFO  : 'ps7_post_config' command is executed.
16:22:14 INFO  : Context for processor 'ps7_cortexa9_0' is selected.
16:22:14 INFO  : The application 'C:/Users/james/source/repos/E_E-324/project_06-3/RTM_Averager_app/Debug/RTM_Averager_app.elf' is downloaded to processor 'ps7_cortexa9_0'.
16:22:14 INFO  : 'configparams force-mem-access 0' command is executed.
16:22:14 INFO  : ----------------XSDB Script----------------
connect -url tcp:127.0.0.1:3121
targets -set -nocase -filter {name =~"APU*"}
rst -system
after 3000
targets -set -filter {jtag_cable_name =~ "RealDigital Bla 887200000130A" && level==0 && jtag_device_ctx=="jsn1-13723093-0"}
fpga -file C:/Users/james/source/repos/E_E-324/project_06-3/RTM_Averager_app/_ide/bitstream/RTM_system_wrapper.bit
targets -set -nocase -filter {name =~"APU*"}
loadhw -hw E:/E_E-324/project_06-2/RTM_system/export/RTM_system/hw/RTM_system_wrapper.xsa -mem-ranges [list {0x40000000 0xbfffffff}] -regs
configparams force-mem-access 1
targets -set -nocase -filter {name =~"APU*"}
source C:/Users/james/source/repos/E_E-324/project_06-3/RTM_Averager_app/_ide/psinit/ps7_init.tcl
ps7_init
ps7_post_config
targets -set -nocase -filter {name =~ "*A9*#0"}
dow C:/Users/james/source/repos/E_E-324/project_06-3/RTM_Averager_app/Debug/RTM_Averager_app.elf
configparams force-mem-access 0
----------------End of Script----------------

16:22:14 INFO  : Context for processor 'ps7_cortexa9_0' is selected.
16:22:14 INFO  : 'con' command is executed.
16:22:14 INFO  : ----------------XSDB Script (After Launch)----------------
targets -set -nocase -filter {name =~ "*A9*#0"}
con
----------------End of Script----------------

16:22:14 INFO  : Launch script is exported to file 'C:\Users\james\source\repos\E_E-324\project_06-3\RTM_Averager_app_system\_ide\scripts\systemdebugger_rtm_averager_app_system_standalone.tcl'
16:30:22 INFO  : Checking for BSP changes to sync application flags for project 'RTM_Averager_app'...
16:31:36 INFO  : Disconnected from the channel tcfchan#34.
16:31:36 INFO  : Connected to target on host '127.0.0.1' and port '3121'.
16:31:36 INFO  : Jtag cable 'RealDigital Bla 887200000130A' is selected.
16:31:36 INFO  : 'jtag frequency' command is executed.
16:31:36 INFO  : Context for 'APU' is selected.
16:31:36 INFO  : System reset is completed.
16:31:39 INFO  : 'after 3000' command is executed.
16:31:39 INFO  : 'targets -set -filter {jtag_cable_name =~ "RealDigital Bla 887200000130A" && level==0 && jtag_device_ctx=="jsn1-13723093-0"}' command is executed.
16:31:40 INFO  : Device configured successfully with "C:/Users/james/source/repos/E_E-324/project_06-3/RTM_Averager_app/_ide/bitstream/RTM_system_wrapper.bit"
16:31:40 INFO  : Context for 'APU' is selected.
16:31:40 INFO  : Hardware design and registers information is loaded from 'E:/E_E-324/project_06-2/RTM_system/export/RTM_system/hw/RTM_system_wrapper.xsa'.
16:31:40 INFO  : 'configparams force-mem-access 1' command is executed.
16:31:40 INFO  : Context for 'APU' is selected.
16:31:40 INFO  : Sourcing of 'C:/Users/james/source/repos/E_E-324/project_06-3/RTM_Averager_app/_ide/psinit/ps7_init.tcl' is done.
16:31:41 INFO  : 'ps7_init' command is executed.
16:31:41 INFO  : 'ps7_post_config' command is executed.
16:31:41 INFO  : Context for processor 'ps7_cortexa9_0' is selected.
16:31:41 INFO  : The application 'C:/Users/james/source/repos/E_E-324/project_06-3/RTM_Averager_app/Debug/RTM_Averager_app.elf' is downloaded to processor 'ps7_cortexa9_0'.
16:31:41 INFO  : 'configparams force-mem-access 0' command is executed.
16:31:41 INFO  : ----------------XSDB Script----------------
connect -url tcp:127.0.0.1:3121
targets -set -nocase -filter {name =~"APU*"}
rst -system
after 3000
targets -set -filter {jtag_cable_name =~ "RealDigital Bla 887200000130A" && level==0 && jtag_device_ctx=="jsn1-13723093-0"}
fpga -file C:/Users/james/source/repos/E_E-324/project_06-3/RTM_Averager_app/_ide/bitstream/RTM_system_wrapper.bit
targets -set -nocase -filter {name =~"APU*"}
loadhw -hw E:/E_E-324/project_06-2/RTM_system/export/RTM_system/hw/RTM_system_wrapper.xsa -mem-ranges [list {0x40000000 0xbfffffff}] -regs
configparams force-mem-access 1
targets -set -nocase -filter {name =~"APU*"}
source C:/Users/james/source/repos/E_E-324/project_06-3/RTM_Averager_app/_ide/psinit/ps7_init.tcl
ps7_init
ps7_post_config
targets -set -nocase -filter {name =~ "*A9*#0"}
dow C:/Users/james/source/repos/E_E-324/project_06-3/RTM_Averager_app/Debug/RTM_Averager_app.elf
configparams force-mem-access 0
----------------End of Script----------------

16:31:41 INFO  : Context for processor 'ps7_cortexa9_0' is selected.
16:31:41 INFO  : 'con' command is executed.
16:31:41 INFO  : ----------------XSDB Script (After Launch)----------------
targets -set -nocase -filter {name =~ "*A9*#0"}
con
----------------End of Script----------------

16:31:41 INFO  : Launch script is exported to file 'C:\Users\james\source\repos\E_E-324\project_06-3\RTM_Averager_app_system\_ide\scripts\systemdebugger_rtm_averager_app_system_standalone.tcl'
16:34:21 INFO  : Checking for BSP changes to sync application flags for project 'RTM_Averager_app'...
16:35:33 INFO  : Disconnected from the channel tcfchan#36.
16:35:33 INFO  : Connected to target on host '127.0.0.1' and port '3121'.
16:35:33 INFO  : Jtag cable 'RealDigital Bla 887200000130A' is selected.
16:35:33 INFO  : 'jtag frequency' command is executed.
16:35:33 INFO  : Context for 'APU' is selected.
16:35:33 INFO  : System reset is completed.
16:35:36 INFO  : 'after 3000' command is executed.
16:35:36 INFO  : 'targets -set -filter {jtag_cable_name =~ "RealDigital Bla 887200000130A" && level==0 && jtag_device_ctx=="jsn1-13723093-0"}' command is executed.
16:35:37 INFO  : Device configured successfully with "C:/Users/james/source/repos/E_E-324/project_06-3/RTM_Averager_app/_ide/bitstream/RTM_system_wrapper.bit"
16:35:37 INFO  : Context for 'APU' is selected.
16:35:37 INFO  : Hardware design and registers information is loaded from 'E:/E_E-324/project_06-2/RTM_system/export/RTM_system/hw/RTM_system_wrapper.xsa'.
16:35:37 INFO  : 'configparams force-mem-access 1' command is executed.
16:35:37 INFO  : Context for 'APU' is selected.
16:35:37 INFO  : Sourcing of 'C:/Users/james/source/repos/E_E-324/project_06-3/RTM_Averager_app/_ide/psinit/ps7_init.tcl' is done.
16:35:38 INFO  : 'ps7_init' command is executed.
16:35:38 INFO  : 'ps7_post_config' command is executed.
16:35:38 INFO  : Context for processor 'ps7_cortexa9_0' is selected.
16:35:38 INFO  : The application 'C:/Users/james/source/repos/E_E-324/project_06-3/RTM_Averager_app/Debug/RTM_Averager_app.elf' is downloaded to processor 'ps7_cortexa9_0'.
16:35:38 INFO  : 'configparams force-mem-access 0' command is executed.
16:35:38 INFO  : ----------------XSDB Script----------------
connect -url tcp:127.0.0.1:3121
targets -set -nocase -filter {name =~"APU*"}
rst -system
after 3000
targets -set -filter {jtag_cable_name =~ "RealDigital Bla 887200000130A" && level==0 && jtag_device_ctx=="jsn1-13723093-0"}
fpga -file C:/Users/james/source/repos/E_E-324/project_06-3/RTM_Averager_app/_ide/bitstream/RTM_system_wrapper.bit
targets -set -nocase -filter {name =~"APU*"}
loadhw -hw E:/E_E-324/project_06-2/RTM_system/export/RTM_system/hw/RTM_system_wrapper.xsa -mem-ranges [list {0x40000000 0xbfffffff}] -regs
configparams force-mem-access 1
targets -set -nocase -filter {name =~"APU*"}
source C:/Users/james/source/repos/E_E-324/project_06-3/RTM_Averager_app/_ide/psinit/ps7_init.tcl
ps7_init
ps7_post_config
targets -set -nocase -filter {name =~ "*A9*#0"}
dow C:/Users/james/source/repos/E_E-324/project_06-3/RTM_Averager_app/Debug/RTM_Averager_app.elf
configparams force-mem-access 0
----------------End of Script----------------

16:35:38 INFO  : Context for processor 'ps7_cortexa9_0' is selected.
16:35:38 INFO  : 'con' command is executed.
16:35:38 INFO  : ----------------XSDB Script (After Launch)----------------
targets -set -nocase -filter {name =~ "*A9*#0"}
con
----------------End of Script----------------

16:35:38 INFO  : Launch script is exported to file 'C:\Users\james\source\repos\E_E-324\project_06-3\RTM_Averager_app_system\_ide\scripts\systemdebugger_rtm_averager_app_system_standalone.tcl'
16:36:58 INFO  : Disconnected from the channel tcfchan#38.
